app/build/outputs/logs/manifest-merger-debug-report.txt
-- Merging decision tree log ---
manifest
ADDED from src\main\AndroidManifest.xml:1:1-23:12
INJECTED from src\main\AndroidManifest.xml:1:1-23:12
INJECTED from src\main\AndroidManifest.xml:1:1-23:12
INJECTED from src\main\AndroidManifest.xml:1:1-23:12
INJECTED from src\main\AndroidManifest.xml:1:1-23:12
INJECTED from src\main\AndroidManifest.xml:1:1-23:12
INJECTED from src\main\AndroidManifest.xml:1:1-23:12
	package
		ADDED from src\main\AndroidManifest.xml:3:2-29
		INJECTED from src\main\AndroidManifest.xml
		INJECTED from src\main\AndroidManifest.xml
	android:versionName
		INJECTED from src\main\AndroidManifest.xml
		ADDED from src\main\AndroidManifest.xml:1:1-23:12
		INJECTED from src\main\AndroidManifest.xml
	android:versionCode
		INJECTED from src\main\AndroidManifest.xml
		ADDED from src\main\AndroidManifest.xml:1:1-23:12
		INJECTED from src\main\AndroidManifest.xml
	xmlns:android
		ADDED from src\main\AndroidManifest.xml:2:2-60
application
ADDED from src\main\AndroidManifest.xml:4:2-22:16
	android:label
		ADDED from src\main\AndroidManifest.xml:6:3-29
	android:icon
		ADDED from src\main\AndroidManifest.xml:7:3-36
	android:allowBackup
		ADDED from src\main\AndroidManifest.xml:5:3-29
	android:theme
		ADDED from src\main\AndroidManifest.xml:8:3-34
activity#com.my.coloralert.MainActivity
ADDED from src\main\AndroidManifest.xml:9:3-17:14
	android:screenOrientation
		ADDED from src\main\AndroidManifest.xml:12:4-40
	android:configChanges
		ADDED from src\main\AndroidManifest.xml:11:4-50
	android:name
		ADDED from src\main\AndroidManifest.xml:10:4-32
intent-filter#action:name:android.intent.action.MAIN+category:name:android.intent.category.LAUNCHER
ADDED from src\main\AndroidManifest.xml:13:4-16:20
action#android.intent.action.MAIN
ADDED from src\main\AndroidManifest.xml:14:5-56
	android:name
		ADDED from src\main\AndroidManifest.xml:14:13-54
category#android.intent.category.LAUNCHER
ADDED from src\main\AndroidManifest.xml:15:5-64
	android:name
		ADDED from src\main\AndroidManifest.xml:15:15-62
activity#com.my.coloralert.ScoreActivity
ADDED from src\main\AndroidManifest.xml:18:3-21:42
	android:screenOrientation
		ADDED from src\main\AndroidManifest.xml:21:4-40
	android:configChanges
		ADDED from src\main\AndroidManifest.xml:20:4-50
	android:name
		ADDED from src\main\AndroidManifest.xml:19:4-33
uses-sdk
INJECTED from src\main\AndroidManifest.xml reason: use-sdk injection requested
INJECTED from src\main\AndroidManifest.xml
INJECTED from src\main\AndroidManifest.xml
INJECTED from src\main\AndroidManifest.xml
INJECTED from src\main\AndroidManifest.xml
	android:targetSdkVersion
		INJECTED from src\main\AndroidManifest.xml
		ADDED from src\main\AndroidManifest.xml
		INJECTED from src\main\AndroidManifest.xml
	android:minSdkVersion
		INJECTED from src\main\AndroidManifest.xml
		ADDED from src\main\AndroidManifest.xml
		INJECTED from src\main\AndroidManifest.xml